<?xml version="1.0" encoding="UTF-8"?>
<!-- Generated by org.testng.reporters.JUnitReportReporter -->
<testsuite skipped="0" hostname="Appylappy" name="script.TestDemo2" tests="1" failures="0" timestamp="01 Oct 2018 05:37:50 GMT" time="54.802" errors="0">
  <testcase name="TestB" time="54.802" classname="script.TestDemo2"/>
</testsuite> <!-- script.TestDemo2 -->
